<?xml version="1.0" encoding="UTF-8"?>
<!-- Generated by org.testng.reporters.JUnitReportReporter -->
<testsuite hostname="LAPTOP-DG8G23UU" failures="0" tests="1" name="prashantbhakuni.Test.RegisterTest" time="9.567" errors="0" timestamp="2024-06-25T12:32:29 IST" skipped="0">
  <testcase classname="prashantbhakuni.Test.RegisterTest" name="performAccountRegistration" time="9.567"/>
</testsuite> <!-- prashantbhakuni.Test.RegisterTest -->
