<?xml version="1.0" encoding="UTF-8"?>
<!-- Generated by org.testng.reporters.JUnitReportReporter -->
<testsuite hostname="LAPTOP-DG8G23UU" failures="0" tests="5" name="prashantbhakuni.Test.OrderItemsTest" time="22.209" errors="0" timestamp="2024-06-25T23:53:17 IST" skipped="0">
  <testcase classname="prashantbhakuni.Test.OrderItemsTest" name="orderWithoutRegistration" time="8.730"/>
  <testcase classname="prashantbhakuni.Test.OrderItemsTest" name="findProductByCategory" time="3.467"/>
  <testcase classname="prashantbhakuni.Test.OrderItemsTest" name="orderWithoutUploadFile" time="4.418"/>
  <testcase classname="prashantbhakuni.Test.OrderItemsTest" name="findProductBySearch" time="3.133"/>
  <testcase classname="prashantbhakuni.Test.OrderItemsTest" name="verifyCartProducts" time="2.461"/>
</testsuite> <!-- prashantbhakuni.Test.OrderItemsTest -->
