<?xml version="1.0" encoding="UTF-8"?>
<!-- Generated by org.testng.reporters.JUnitReportReporter -->
<testsuite hostname="LAPTOP-DG8G23UU" failures="0" tests="5" name="prashantbhakuni.Test.OrderItemsTest" time="24.512" errors="0" timestamp="2024-06-26T00:48:36 IST" skipped="0">
  <testcase classname="prashantbhakuni.Test.OrderItemsTest" name="findProductByCategory" time="4.080"/>
  <testcase classname="prashantbhakuni.Test.OrderItemsTest" name="findProductBySearch" time="3.229"/>
  <testcase classname="prashantbhakuni.Test.OrderItemsTest" name="orderWithoutUploadFile" time="5.326"/>
  <testcase classname="prashantbhakuni.Test.OrderItemsTest" name="orderWithoutRegistration" time="9.186"/>
  <testcase classname="prashantbhakuni.Test.OrderItemsTest" name="verifyCartProducts" time="2.691"/>
</testsuite> <!-- prashantbhakuni.Test.OrderItemsTest -->
